Wed 03 May 2023 01:39:15 AM UTC: 
 tests:  0|5
total_score: 0/70
684bd6c
Wed 03 May 2023 01:46:05 AM UTC: 
 sudoku.c | 11 ++++++++++-
 1 file changed, 10 insertions(+), 1 deletion(-)
In file included from test.c:5:
sudoku.c: In function ‘get_adj_nodes’:
sudoku.c:59:17: error: unused variable ‘new_node’ [-Werror=unused-variable]
   59 |           Node* new_node=copy(n);
      |                 ^~~~~~~~
cc1: all warnings being treated as errors
Compilation failed
d29d10b
Wed 03 May 2023 01:46:43 AM UTC: 
 sudoku.c | 2 +-
 1 file changed, 1 insertion(+), 1 deletion(-)
In file included from test.c:5:
sudoku.c: In function ‘get_adj_nodes’:
sudoku.c:59:17: error: unused variable ‘new_node’ [-Werror=unused-variable]
   59 |           Node* new_node=copy(n);
      |                 ^~~~~~~~
sudoku.c:54:9: error: unused variable ‘list’ [-Werror=unused-variable]
   54 |   List* list=createList();
      |         ^~~~
cc1: all warnings being treated as errors
Compilation failed
7da2922
Wed 03 May 2023 01:48:50 AM UTC: 
 sudoku.c | 6 ++++++
 1 file changed, 6 insertions(+)
In file included from test.c:5:
sudoku.c: In function ‘get_adj_nodes’:
sudoku.c:63:25: error: unused variable ‘new_node’ [-Werror=unused-variable]
   63 |                   Node* new_node=copy(n);
      |                         ^~~~~~~~
sudoku.c:54:9: error: unused variable ‘list’ [-Werror=unused-variable]
   54 |   List* list=createList();
      |         ^~~~
cc1: all warnings being treated as errors
Compilation failed
0d11577
Wed 03 May 2023 01:49:52 AM UTC: 
 sudoku.c | 4 +++-
 1 file changed, 3 insertions(+), 1 deletion(-)
 tests:  0|0
00689b5
Wed 03 May 2023 01:50:21 AM UTC: 
 sudoku.c | 1 +
 1 file changed, 1 insertion(+)
In file included from test.c:5:
sudoku.c: In function ‘get_adj_nodes’:
sudoku.c:65:19: error: implicit declaration of function ‘insertBack’ [-Werror=implicit-function-declaration]
   65 |                   insertBack(adj_list,nuevo_node);
      |                   ^~~~~~~~~~
sudoku.c:65:30: error: ‘adj_list’ undeclared (first use in this function)
   65 |                   insertBack(adj_list,nuevo_node);
      |                              ^~~~~~~~
sudoku.c:65:30: note: each undeclared identifier is reported only once for each function it appears in
cc1: all warnings being treated as errors
Compilation failed
9529703
Wed 03 May 2023 01:50:25 AM UTC: 
 sudoku.c | 2 +-
 1 file changed, 1 insertion(+), 1 deletion(-)
In file included from test.c:5:
sudoku.c: In function ‘get_adj_nodes’:
sudoku.c:65:19: error: implicit declaration of function ‘insertBack’ [-Werror=implicit-function-declaration]
   65 |                   insertBack(list,nuevo_node);
      |                   ^~~~~~~~~~
cc1: all warnings being treated as errors
Compilation failed
840ee51
Wed 03 May 2023 01:51:53 AM UTC: 
 sudoku.c | 2 +-
 1 file changed, 1 insertion(+), 1 deletion(-)
 tests:  0|0
5444822
Wed 03 May 2023 01:53:35 AM UTC: 
 sudoku.c | 10 ----------
 1 file changed, 10 deletions(-)
In file included from test.c:5:
sudoku.c: In function ‘get_adj_nodes’:
sudoku.c:55:17: error: ‘i’ undeclared (first use in this function)
   55 |   for(int k=0 ; i<9 ; k++)
      |                 ^
sudoku.c:55:17: note: each undeclared identifier is reported only once for each function it appears in
sudoku.c:58:25: error: ‘j’ undeclared (first use in this function)
   58 |     nuevo_node->sudo[i][j]=k;
      |                         ^
Compilation failed
a31015d
Wed 03 May 2023 01:53:57 AM UTC: 
 sudoku.c | 12 +++++++++++-
 1 file changed, 11 insertions(+), 1 deletion(-)
 tests:  0|5
total_score: 0/70
69d6027
Wed 03 May 2023 01:55:22 AM UTC: 
 sudoku.c | 2 +-
 1 file changed, 1 insertion(+), 1 deletion(-)
 tests:  0|5
total_score: 0/70
b086064
Wed 03 May 2023 01:55:38 AM UTC: 
 sudoku.c | 3 +--
 1 file changed, 1 insertion(+), 2 deletions(-)
 tests:  0|0
143ce5c
Wed 03 May 2023 01:55:54 AM UTC: 
 sudoku.c | 1 +
 1 file changed, 1 insertion(+)
 tests:  0|5
total_score: 0/70
7234e7a
Wed 03 May 2023 01:56:49 AM UTC: 
 sudoku.c | 2 +-
 1 file changed, 1 insertion(+), 1 deletion(-)
 tests:  0|5
total_score: 0/70
6ec785c
Wed 03 May 2023 01:57:02 AM UTC: 
 sudoku.c | 2 +-
 1 file changed, 1 insertion(+), 1 deletion(-)
 tests:  1|5
total_score: 5/70
1919b4f
Wed 03 May 2023 01:57:19 AM UTC: 
 sudoku.c | 2 +-
 1 file changed, 1 insertion(+), 1 deletion(-)
 tests:  1|5
total_score: 5/70
a644e11
Wed 03 May 2023 01:59:27 AM UTC: 
 sudoku.c | 6 +++---
 1 file changed, 3 insertions(+), 3 deletions(-)
 tests:  1|5
total_score: 5/70
d9f8c43
Wed 03 May 2023 02:00:52 AM UTC: 
 sudoku.c | 2 +-
 1 file changed, 1 insertion(+), 1 deletion(-)
 tests:  0|0
1059e1a
Wed 03 May 2023 02:01:17 AM UTC: 
 sudoku.c | 2 +-
 1 file changed, 1 insertion(+), 1 deletion(-)
 tests:  2|4
total_score: 15/70
0676d9e
Wed 03 May 2023 06:11:46 PM UTC: 
 sudoku.c | 7 +++++++
 1 file changed, 7 insertions(+)
In file included from test.c:5:
sudoku.c: In function ‘is_valid’:
sudoku.c:52:22: error: ‘nodo’ undeclared (first use in this function)
   52 |         printf("%d ",nodo->sudo[i][j]);
      |                      ^~~~
sudoku.c:52:22: note: each undeclared identifier is reported only once for each function it appears in
sudoku.c:51:13: error: variable ‘j’ set but not used [-Werror=unused-but-set-variable]
   51 |         int j=3*(k%3) + (p%3) ;
      |             ^
sudoku.c:50:13: error: variable ‘i’ set but not used [-Werror=unused-but-set-variable]
   50 |         int i=3*(k/3) + (p/3) ;
      |             ^
cc1: all warnings being treated as errors
Compilation failed
7110c30
Wed 03 May 2023 06:22:30 PM UTC: 
 sudoku.c | 20 ++++++++++++--------
 1 file changed, 12 insertions(+), 8 deletions(-)
In file included from test.c:5:
sudoku.c: In function ‘is_valid’:
sudoku.c:54:14: error: expected expression before ‘)’ token
   54 |           if()
      |              ^
sudoku.c:49:11: error: unused variable ‘k’ [-Werror=unused-variable]
   49 |   int i,j,k;
      |           ^
sudoku.c:48:8: error: unused variable ‘numero’ [-Werror=unused-variable]
   48 |   int *numero = malloc(sizeof(int)*10);
      |        ^~~~~~
cc1: all warnings being treated as errors
Compilation failed
bbfb22d
Wed 03 May 2023 06:33:29 PM UTC: 
 sudoku.c | 15 ++++++++++++++-
 1 file changed, 14 insertions(+), 1 deletion(-)
In file included from test.c:5:
sudoku.c: In function ‘is_valid’:
sudoku.c:49:11: error: unused variable ‘k’ [-Werror=unused-variable]
   49 |   int i,j,k;
      |           ^
sudoku.c: At top level:
sudoku.c:72:3: error: expected identifier or ‘(’ before ‘return’
   72 |   return 1;
      |   ^~~~~~
sudoku.c:73:1: error: expected identifier or ‘(’ before ‘}’ token
   73 | }
      | ^
sudoku.c: In function ‘is_valid’:
sudoku.c:69:5: error: control reaches end of non-void function [-Werror=return-type]
   69 |     }
      |     ^
cc1: all warnings being treated as errors
Compilation failed
a443bd7
Wed 03 May 2023 06:33:55 PM UTC: 
 sudoku.c | 1 -
 1 file changed, 1 deletion(-)
In file included from test.c:5:
sudoku.c: In function ‘is_valid’:
sudoku.c:49:11: error: unused variable ‘k’ [-Werror=unused-variable]
   49 |   int i,j,k;
      |           ^
cc1: all warnings being treated as errors
Compilation failed
ab6a564
Wed 03 May 2023 06:37:49 PM UTC: 
 sudoku.c | 15 ++++++++++++++-
 1 file changed, 14 insertions(+), 1 deletion(-)
test.c: In function ‘is_valid’:
test.c:245:5: error: ‘main’ is normally a non-static function [-Werror=main]
  245 | int main( int argc, char *argv[] ) {
      |     ^~~~
test.c:262:1: error: expected declaration or statement at end of input
  262 | }
      | ^
test.c:263: error: control reaches end of non-void function [-Werror=return-type]
At top level:
test.c:245:5: error: ‘main’ defined but not used [-Werror=unused-function]
  245 | int main( int argc, char *argv[] ) {
      |     ^~~~
test.c:7:8: error: ‘_strdup’ defined but not used [-Werror=unused-function]
    7 | char * _strdup(const char * str) {
      |        ^~~~~~~
cc1: all warnings being treated as errors
Compilation failed
5251ed3
Wed 03 May 2023 06:42:56 PM UTC: 
 sudoku.c | 8 +++++---
 1 file changed, 5 insertions(+), 3 deletions(-)
test.c: In function ‘is_valid’:
test.c:245:5: error: ‘main’ is normally a non-static function [-Werror=main]
  245 | int main( int argc, char *argv[] ) {
      |     ^~~~
test.c:262:1: error: expected declaration or statement at end of input
  262 | }
      | ^
test.c:263: error: control reaches end of non-void function [-Werror=return-type]
At top level:
test.c:245:5: error: ‘main’ defined but not used [-Werror=unused-function]
  245 | int main( int argc, char *argv[] ) {
      |     ^~~~
test.c:7:8: error: ‘_strdup’ defined but not used [-Werror=unused-function]
    7 | char * _strdup(const char * str) {
      |        ^~~~~~~
cc1: all warnings being treated as errors
Compilation failed
91908df
Wed 03 May 2023 06:44:19 PM UTC: 
 sudoku.c | 6 ++++--
 1 file changed, 4 insertions(+), 2 deletions(-)
test.c: In function ‘is_valid’:
test.c:245:5: error: ‘main’ is normally a non-static function [-Werror=main]
  245 | int main( int argc, char *argv[] ) {
      |     ^~~~
test.c:262:1: error: expected declaration or statement at end of input
  262 | }
      | ^
test.c:263: error: control reaches end of non-void function [-Werror=return-type]
At top level:
test.c:245:5: error: ‘main’ defined but not used [-Werror=unused-function]
  245 | int main( int argc, char *argv[] ) {
      |     ^~~~
test.c:7:8: error: ‘_strdup’ defined but not used [-Werror=unused-function]
    7 | char * _strdup(const char * str) {
      |        ^~~~~~~
cc1: all warnings being treated as errors
Compilation failed
7628b50
Wed 03 May 2023 06:44:39 PM UTC: 
 sudoku.c | 2 +-
 1 file changed, 1 insertion(+), 1 deletion(-)
test.c: In function ‘is_valid’:
test.c:245:5: error: ‘main’ is normally a non-static function [-Werror=main]
  245 | int main( int argc, char *argv[] ) {
      |     ^~~~
test.c:262:1: error: expected declaration or statement at end of input
  262 | }
      | ^
test.c:263: error: control reaches end of non-void function [-Werror=return-type]
At top level:
test.c:245:5: error: ‘main’ defined but not used [-Werror=unused-function]
  245 | int main( int argc, char *argv[] ) {
      |     ^~~~
test.c:7:8: error: ‘_strdup’ defined but not used [-Werror=unused-function]
    7 | char * _strdup(const char * str) {
      |        ^~~~~~~
cc1: all warnings being treated as errors
Compilation failed
11eebea
Wed 03 May 2023 06:45:14 PM UTC: 
 sudoku.c | 1 +
 1 file changed, 1 insertion(+)
test.c: In function ‘is_valid’:
test.c:245:5: error: ‘main’ is normally a non-static function [-Werror=main]
  245 | int main( int argc, char *argv[] ) {
      |     ^~~~
test.c:262:1: error: expected declaration or statement at end of input
  262 | }
      | ^
test.c:263: error: control reaches end of non-void function [-Werror=return-type]
At top level:
test.c:245:5: error: ‘main’ defined but not used [-Werror=unused-function]
  245 | int main( int argc, char *argv[] ) {
      |     ^~~~
test.c:7:8: error: ‘_strdup’ defined but not used [-Werror=unused-function]
    7 | char * _strdup(const char * str) {
      |        ^~~~~~~
cc1: all warnings being treated as errors
Compilation failed
3b742f2
Wed 03 May 2023 06:45:26 PM UTC: 
 sudoku.c | 1 +
 1 file changed, 1 insertion(+)
test.c: In function ‘is_valid’:
test.c:245:5: error: ‘main’ is normally a non-static function [-Werror=main]
  245 | int main( int argc, char *argv[] ) {
      |     ^~~~
test.c:262:1: error: expected declaration or statement at end of input
  262 | }
      | ^
test.c:263: error: control reaches end of non-void function [-Werror=return-type]
At top level:
test.c:245:5: error: ‘main’ defined but not used [-Werror=unused-function]
  245 | int main( int argc, char *argv[] ) {
      |     ^~~~
test.c:7:8: error: ‘_strdup’ defined but not used [-Werror=unused-function]
    7 | char * _strdup(const char * str) {
      |        ^~~~~~~
cc1: all warnings being treated as errors
Compilation failed
9e52c9a
